{"C:\\Users\\Viper\\Desktop\\307\\CSC_307_ToDoemon-\\expressjs-backend\\models\\user-services.js": {"path":"C:\\Users\\Viper\\Desktop\\307\\CSC_307_ToDoemon-\\expressjs-backend\\models\\user-services.js","statementMap":{"0":{"start":{"line":1,"column":17},"end":{"line":1,"column":36}},"1":{"start":{"line":2,"column":18},"end":{"line":2,"column":35}},"2":{"start":{"line":3,"column":15},"end":{"line":3,"column":32}},"3":{"start":{"line":4,"column":0},"end":{"line":4,"column":28}},"4":{"start":{"line":5,"column":0},"end":{"line":5,"column":16}},"5":{"start":{"line":7,"column":0},"end":{"line":23,"column":40}},"6":{"start":{"line":23,"column":20},"end":{"line":23,"column":38}},"7":{"start":{"line":40,"column":2},"end":{"line":45,"column":3}},"8":{"start":{"line":41,"column":4},"end":{"line":41,"column":40}},"9":{"start":{"line":43,"column":4},"end":{"line":43,"column":23}},"10":{"start":{"line":44,"column":4},"end":{"line":44,"column":21}},"11":{"start":{"line":49,"column":15},"end":{"line":49,"column":26}},"12":{"start":{"line":50,"column":15},"end":{"line":50,"column":22}},"13":{"start":{"line":51,"column":2},"end":{"line":57,"column":3}},"14":{"start":{"line":52,"column":16},"end":{"line":52,"column":79}},"15":{"start":{"line":53,"column":4},"end":{"line":53,"column":16}},"16":{"start":{"line":55,"column":4},"end":{"line":55,"column":23}},"17":{"start":{"line":56,"column":4},"end":{"line":56,"column":17}},"18":{"start":{"line":61,"column":2},"end":{"line":68,"column":3}},"19":{"start":{"line":62,"column":22},"end":{"line":62,"column":41}},"20":{"start":{"line":63,"column":22},"end":{"line":63,"column":44}},"21":{"start":{"line":64,"column":4},"end":{"line":64,"column":21}},"22":{"start":{"line":66,"column":4},"end":{"line":66,"column":23}},"23":{"start":{"line":67,"column":4},"end":{"line":67,"column":21}},"24":{"start":{"line":72,"column":2},"end":{"line":78,"column":3}},"25":{"start":{"line":73,"column":24},"end":{"line":73,"column":55}},"26":{"start":{"line":74,"column":4},"end":{"line":74,"column":23}},"27":{"start":{"line":76,"column":4},"end":{"line":76,"column":23}},"28":{"start":{"line":77,"column":4},"end":{"line":77,"column":21}},"29":{"start":{"line":94,"column":0},"end":{"line":94,"column":34}},"30":{"start":{"line":95,"column":0},"end":{"line":95,"column":26}},"31":{"start":{"line":96,"column":0},"end":{"line":96,"column":32}},"32":{"start":{"line":97,"column":0},"end":{"line":97,"column":30}}},"fnMap":{"0":{"name":"(anonymous_0)","decl":{"start":{"line":23,"column":9},"end":{"line":23,"column":10}},"loc":{"start":{"line":23,"column":20},"end":{"line":23,"column":38}},"line":23},"1":{"name":"getUserById","decl":{"start":{"line":39,"column":15},"end":{"line":39,"column":26}},"loc":{"start":{"line":39,"column":31},"end":{"line":46,"column":1}},"line":39},"2":{"name":"patchUser","decl":{"start":{"line":48,"column":15},"end":{"line":48,"column":24}},"loc":{"start":{"line":48,"column":38},"end":{"line":58,"column":1}},"line":48},"3":{"name":"addUser","decl":{"start":{"line":60,"column":15},"end":{"line":60,"column":22}},"loc":{"start":{"line":60,"column":29},"end":{"line":69,"column":1}},"line":60},"4":{"name":"deleteUser","decl":{"start":{"line":71,"column":15},"end":{"line":71,"column":25}},"loc":{"start":{"line":71,"column":32},"end":{"line":79,"column":1}},"line":71}},"branchMap":{},"s":{"0":1,"1":1,"2":1,"3":1,"4":1,"5":1,"6":0,"7":3,"8":3,"9":1,"10":1,"11":2,"12":2,"13":2,"14":2,"15":1,"16":1,"17":1,"18":2,"19":2,"20":1,"21":1,"22":1,"23":1,"24":2,"25":2,"26":1,"27":1,"28":1,"29":1,"30":1,"31":1,"32":1},"f":{"0":0,"1":3,"2":2,"3":2,"4":2},"b":{},"_coverageSchema":"1a1c01bbd47fc00a2c39e90264f33305004495a9","hash":"bdf14079892fe91307c8a008ca6c38d4aff882dd"}
,"C:\\Users\\Viper\\Desktop\\307\\CSC_307_ToDoemon-\\expressjs-backend\\models\\user.js": {"path":"C:\\Users\\Viper\\Desktop\\307\\CSC_307_ToDoemon-\\expressjs-backend\\models\\user.js","statementMap":{"0":{"start":{"line":1,"column":17},"end":{"line":1,"column":36}},"1":{"start":{"line":3,"column":19},"end":{"line":27,"column":1}},"2":{"start":{"line":29,"column":13},"end":{"line":29,"column":51}},"3":{"start":{"line":31,"column":0},"end":{"line":31,"column":22}}},"fnMap":{},"branchMap":{},"s":{"0":1,"1":1,"2":1,"3":1},"f":{},"b":{},"_coverageSchema":"1a1c01bbd47fc00a2c39e90264f33305004495a9","hash":"50fe5597d7cfd83a10389f04b053a0ac5035e1bc"}
}
