TN:
SF:models\user-services.js
FN:23,(anonymous_0)
FN:39,getUserById
FN:48,patchUser
FN:60,addUser
FN:71,deleteUser
FNF:5
FNH:4
FNDA:0,(anonymous_0)
FNDA:3,getUserById
FNDA:2,patchUser
FNDA:2,addUser
FNDA:2,deleteUser
DA:1,1
DA:2,1
DA:3,1
DA:4,1
DA:5,1
DA:7,1
DA:23,0
DA:40,3
DA:41,3
DA:43,1
DA:44,1
DA:49,2
DA:50,2
DA:51,2
DA:52,2
DA:53,1
DA:55,1
DA:56,1
DA:61,2
DA:62,2
DA:63,1
DA:64,1
DA:66,1
DA:67,1
DA:72,2
DA:73,2
DA:74,1
DA:76,1
DA:77,1
DA:94,1
DA:95,1
DA:96,1
DA:97,1
LF:33
LH:32
BRF:0
BRH:0
end_of_record
TN:
SF:models\user.js
FNF:0
FNH:0
DA:1,1
DA:3,1
DA:29,1
DA:31,1
LF:4
LH:4
BRF:0
BRH:0
end_of_record
