TN:
SF:models\user-services.js
FN:36,(anonymous_0)
FN:52,getUserById
FN:61,patchUser
FN:73,addUser
FN:84,deleteUser
FNF:5
FNH:4
FNDA:0,(anonymous_0)
FNDA:3,getUserById
FNDA:2,patchUser
FNDA:2,addUser
FNDA:2,deleteUser
DA:1,1
DA:2,1
DA:3,1
DA:4,1
DA:5,1
DA:6,1
DA:8,1
DA:20,1
DA:36,0
DA:53,3
DA:54,3
DA:56,1
DA:57,1
DA:62,2
DA:63,2
DA:64,2
DA:65,2
DA:66,1
DA:68,1
DA:69,1
DA:74,2
DA:75,2
DA:76,1
DA:77,1
DA:79,1
DA:80,1
DA:85,2
DA:86,2
DA:87,1
DA:89,1
DA:90,1
DA:107,1
DA:108,1
DA:109,1
DA:110,1
LF:35
LH:34
BRF:0
BRH:0
end_of_record
TN:
SF:models\user.js
FNF:0
FNH:0
DA:1,1
DA:3,1
DA:29,1
DA:31,1
LF:4
LH:4
BRF:0
BRH:0
end_of_record
